*** Using Compiler 'V5.06 update 6 (build 750)', folder: 'E:\Keil_v5\ARM\ARMCC\Bin'
Build target 'STM32F429'
compiling stm32f4xx_hal_flash_ex.c...
compiling stm32f4xx_hal_dma.c...
compiling stm32f4xx_hal_tim_ex.c...
compiling stm32f4xx_hal_flash.c...
compiling stm32f4xx_it.c...
compiling main.c...
..\BSP\Inc\led.h(12): warning:  #1-D: last line of file ends without a newline
  #endif
../Core/Src/main.c: 1 warning, 0 errors
compiling stm32f4xx_hal_pwr.c...
compiling stm32f4xx_hal_gpio.c...
compiling stm32f4xx_hal_rcc_ex.c...
compiling stm32f4xx_hal_pwr_ex.c...
compiling stm32f4xx_hal_tim.c...
compiling stm32f4xx_hal_dma_ex.c...
compiling stm32f4xx_hal_flash_ramfunc.c...
compiling stm32f4xx_hal_msp.c...
compiling stm32f4xx_hal_rcc.c...
compiling stm32f4xx_hal_adc_ex.c...
compiling stm32f4xx_hal_cortex.c...
compiling stm32f4xx_hal.c...
compiling stm32f4xx_hal_uart.c...
compiling stm32f4xx_hal_i2c_ex.c...
compiling stm32f4xx_hal_exti.c...
compiling stm32f4xx_hal_can.c...
compiling stm32f4xx_hal_iwdg.c...
compiling stm32f4xx_hal_i2c.c...
compiling stm32f4xx_hal_wwdg.c...
compiling stm32f4xx_hal_adc.c...
compiling stm32f4xx_hal_spi.c...
compiling stm32f4xx_ll_fmc.c...
compiling stm32f4xx_hal_usart.c...
compiling stm32f4xx_hal_sram.c...
compiling led.c...
..\BSP\Inc\led.h(12): warning:  #1-D: last line of file ends without a newline
  #endif
..\BSP\src\led.c(15): warning:  #1-D: last line of file ends without a newline
  }
..\BSP\src\led.c: 2 warnings, 0 errors
compiling uart.c...
..\BSP\src\uart.c(57): warning:  #1-D: last line of file ends without a newline
  }
..\BSP\src\uart.c: 1 warning, 0 errors
compiling lcd.c...
..\BSP\Inc\lcd.h(9): warning:  #1-D: last line of file ends without a newline
  #endif
..\BSP\src\lcd.c(3): error:  #147-D: declaration is incompatible with "void HAL_SRAM_MspInit(SRAM_HandleTypeDef *)"  (declared at line 157 of "../Drivers/STM32F4xx_HAL_Driver/Inc/stm32f4xx_hal_sram.h")
  void HAL_SRAM_MspInit(void)
..\BSP\src\lcd.c(6): warning:  #1-D: last line of file ends without a newline
  }
..\BSP\src\lcd.c: 2 warnings, 1 error
compiling system_stm32f4xx.c...
"STM32F429\STM32F429.axf" - 1 Error(s), 6 Warning(s).
Target not created.
Build Time Elapsed:  00:00:46
